[2015-03-14 13:50:30] local.ERROR: exception 'Symfony\Component\Debug\Exception\FatalErrorException' with message 'syntax error, unexpected '"><a role="' (T_CONSTANT_ENCAPSED_STRING)' in /home/simeon/dev/sbalo.bg/storage/framework/views/046ad2be333370eb2bdd220c7483e426:44
Stack trace:
#0 /home/simeon/dev/sbalo.bg/storage/framework/compiled.php(1738): Illuminate\Foundation\Bootstrap\HandleExceptions->fatalExceptionFromError(Array)
#1 [internal function]: Illuminate\Foundation\Bootstrap\HandleExceptions->handleShutdown()
#2 {main}  
[2015-03-14 13:50:31] local.ERROR: exception 'Symfony\Component\Debug\Exception\FatalErrorException' with message 'syntax error, unexpected '"><a role="' (T_CONSTANT_ENCAPSED_STRING)' in /home/simeon/dev/sbalo.bg/storage/framework/views/046ad2be333370eb2bdd220c7483e426:44
Stack trace:
#0 /home/simeon/dev/sbalo.bg/storage/framework/compiled.php(1738): Illuminate\Foundation\Bootstrap\HandleExceptions->fatalExceptionFromError(Array)
#1 [internal function]: Illuminate\Foundation\Bootstrap\HandleExceptions->handleShutdown()
#2 {main}  
[2015-03-14 20:18:22] local.ERROR: exception 'Symfony\Component\Debug\Exception\FatalErrorException' with message 'Class 'App\Http\Controllers\DB' not found' in /home/simeon/dev/sbalo.bg/app/Http/Controllers/CurrentController.php:12
Stack trace:
#0 /home/simeon/dev/sbalo.bg/storage/framework/compiled.php(1738): Illuminate\Foundation\Bootstrap\HandleExceptions->fatalExceptionFromError(Array)
#1 [internal function]: Illuminate\Foundation\Bootstrap\HandleExceptions->handleShutdown()
#2 {main}  
[2015-03-14 20:23:39] local.ERROR: exception 'ErrorException' with message 'Undefined variable: news' in /home/simeon/dev/sbalo.bg/storage/framework/views/fa46debda98cb1f34148caec44716670:7
Stack trace:
#0 /home/simeon/dev/sbalo.bg/storage/framework/views/fa46debda98cb1f34148caec44716670(7): Illuminate\Foundation\Bootstrap\HandleExceptions->handleError(8, 'Undefined varia...', '/home/simeon/de...', 7, Array)
#1 /home/simeon/dev/sbalo.bg/storage/framework/compiled.php(13650): include('/home/simeon/de...')
#2 /home/simeon/dev/sbalo.bg/storage/framework/compiled.php(13683): Illuminate\View\Engines\PhpEngine->evaluatePath('/home/simeon/de...', Array)
#3 /home/simeon/dev/sbalo.bg/storage/framework/compiled.php(13523): Illuminate\View\Engines\CompilerEngine->get('/home/simeon/de...', Array)
#4 /home/simeon/dev/sbalo.bg/storage/framework/compiled.php(13510): Illuminate\View\View->getContents()
#5 /home/simeon/dev/sbalo.bg/storage/framework/compiled.php(13501): Illuminate\View\View->renderContents()
#6 /home/simeon/dev/sbalo.bg/storage/framework/compiled.php(14597): Illuminate\View\View->render()
#7 /home/simeon/dev/sbalo.bg/storage/framework/compiled.php(14126): Illuminate\Http\Response->setContent(Object(Illuminate\View\View))
#8 /home/simeon/dev/sbalo.bg/storage/framework/compiled.php(7154): Symfony\Component\HttpFoundation\Response->__construct(Object(Illuminate\View\View))
#9 /home/simeon/dev/sbalo.bg/storage/framework/compiled.php(6954): Illuminate\Routing\Router->prepareResponse(Object(Illuminate\Http\Request), Object(Illuminate\View\View))
#10 [internal function]: Illuminate\Routing\Router->Illuminate\Routing\{closure}(Object(Illuminate\Http\Request))
#11 /home/simeon/dev/sbalo.bg/storage/framework/compiled.php(8952): call_user_func(Object(Closure), Object(Illuminate\Http\Request))
#12 [internal function]: Illuminate\Pipeline\Pipeline->Illuminate\Pipeline\{closure}(Object(Illuminate\Http\Request))
#13 /home/simeon/dev/sbalo.bg/storage/framework/compiled.php(8935): call_user_func(Object(Closure), Object(Illuminate\Http\Request))
#14 /home/simeon/dev/sbalo.bg/storage/framework/compiled.php(6955): Illuminate\Pipeline\Pipeline->then(Object(Closure))
#15 /home/simeon/dev/sbalo.bg/storage/framework/compiled.php(6944): Illuminate\Routing\Router->runRouteWithinStack(Object(Illuminate\Routing\Route), Object(Illuminate\Http\Request))
#16 /home/simeon/dev/sbalo.bg/storage/framework/compiled.php(6929): Illuminate\Routing\Router->dispatchToRoute(Object(Illuminate\Http\Request))
#17 /home/simeon/dev/sbalo.bg/storage/framework/compiled.php(1935): Illuminate\Routing\Router->dispatch(Object(Illuminate\Http\Request))
#18 [internal function]: Illuminate\Foundation\Http\Kernel->Illuminate\Foundation\Http\{closure}(Object(Illuminate\Http\Request))
#19 /home/simeon/dev/sbalo.bg/storage/framework/compiled.php(8952): call_user_func(Object(Closure), Object(Illuminate\Http\Request))
#20 /home/simeon/dev/sbalo.bg/storage/framework/compiled.php(2438): Illuminate\Pipeline\Pipeline->Illuminate\Pipeline\{closure}(Object(Illuminate\Http\Request))
#21 /home/simeon/dev/sbalo.bg/app/Http/Middleware/VerifyCsrfToken.php(17): Illuminate\Foundation\Http\Middleware\VerifyCsrfToken->handle(Object(Illuminate\Http\Request), Object(Closure))
#22 /home/simeon/dev/sbalo.bg/storage/framework/compiled.php(8944): App\Http\Middleware\VerifyCsrfToken->handle(Object(Illuminate\Http\Request), Object(Closure))
#23 /home/simeon/dev/sbalo.bg/storage/framework/compiled.php(12083): Illuminate\Pipeline\Pipeline->Illuminate\Pipeline\{closure}(Object(Illuminate\Http\Request))
#24 /home/simeon/dev/sbalo.bg/storage/framework/compiled.php(8944): Illuminate\View\Middleware\ShareErrorsFromSession->handle(Object(Illuminate\Http\Request), Object(Closure))
#25 /home/simeon/dev/sbalo.bg/storage/framework/compiled.php(10785): Illuminate\Pipeline\Pipeline->Illuminate\Pipeline\{closure}(Object(Illuminate\Http\Request))
#26 /home/simeon/dev/sbalo.bg/storage/framework/compiled.php(8944): Illuminate\Session\Middleware\StartSession->handle(Object(Illuminate\Http\Request), Object(Closure))
#27 /home/simeon/dev/sbalo.bg/storage/framework/compiled.php(11789): Illuminate\Pipeline\Pipeline->Illuminate\Pipeline\{closure}(Object(Illuminate\Http\Request))
#28 /home/simeon/dev/sbalo.bg/storage/framework/compiled.php(8944): Illuminate\Cookie\Middleware\AddQueuedCookiesToResponse->handle(Object(Illuminate\Http\Request), Object(Closure))
#29 /home/simeon/dev/sbalo.bg/storage/framework/compiled.php(11738): Illuminate\Pipeline\Pipeline->Illuminate\Pipeline\{closure}(Object(Illuminate\Http\Request))
#30 /home/simeon/dev/sbalo.bg/storage/framework/compiled.php(8944): Illuminate\Cookie\Middleware\EncryptCookies->handle(Object(Illuminate\Http\Request), Object(Closure))
#31 /home/simeon/dev/sbalo.bg/storage/framework/compiled.php(2478): Illuminate\Pipeline\Pipeline->Illuminate\Pipeline\{closure}(Object(Illuminate\Http\Request))
#32 /home/simeon/dev/sbalo.bg/storage/framework/compiled.php(8944): Illuminate\Foundation\Http\Middleware\CheckForMaintenanceMode->handle(Object(Illuminate\Http\Request), Object(Closure))
#33 [internal function]: Illuminate\Pipeline\Pipeline->Illuminate\Pipeline\{closure}(Object(Illuminate\Http\Request))
#34 /home/simeon/dev/sbalo.bg/storage/framework/compiled.php(8935): call_user_func(Object(Closure), Object(Illuminate\Http\Request))
#35 /home/simeon/dev/sbalo.bg/storage/framework/compiled.php(1891): Illuminate\Pipeline\Pipeline->then(Object(Closure))
#36 /home/simeon/dev/sbalo.bg/storage/framework/compiled.php(1880): Illuminate\Foundation\Http\Kernel->sendRequestThroughRouter(Object(Illuminate\Http\Request))
#37 /home/simeon/dev/sbalo.bg/public/index.php(53): Illuminate\Foundation\Http\Kernel->handle(Object(Illuminate\Http\Request))
#38 {main}

Next exception 'ErrorException' with message 'Undefined variable: news (View: /home/simeon/dev/sbalo.bg/resources/views/pages/current/current.blade.php)' in /home/simeon/dev/sbalo.bg/storage/framework/views/fa46debda98cb1f34148caec44716670:7
Stack trace:
#0 /home/simeon/dev/sbalo.bg/storage/framework/compiled.php(13652): Illuminate\View\Engines\CompilerEngine->handleViewException(Object(ErrorException), 1)
#1 /home/simeon/dev/sbalo.bg/storage/framework/compiled.php(13683): Illuminate\View\Engines\PhpEngine->evaluatePath('/home/simeon/de...', Array)
#2 /home/simeon/dev/sbalo.bg/storage/framework/compiled.php(13523): Illuminate\View\Engines\CompilerEngine->get('/home/simeon/de...', Array)
#3 /home/simeon/dev/sbalo.bg/storage/framework/compiled.php(13510): Illuminate\View\View->getContents()
#4 /home/simeon/dev/sbalo.bg/storage/framework/compiled.php(13501): Illuminate\View\View->renderContents()
#5 /home/simeon/dev/sbalo.bg/storage/framework/compiled.php(14597): Illuminate\View\View->render()
#6 /home/simeon/dev/sbalo.bg/storage/framework/compiled.php(14126): Illuminate\Http\Response->setContent(Object(Illuminate\View\View))
#7 /home/simeon/dev/sbalo.bg/storage/framework/compiled.php(7154): Symfony\Component\HttpFoundation\Response->__construct(Object(Illuminate\View\View))
#8 /home/simeon/dev/sbalo.bg/storage/framework/compiled.php(6954): Illuminate\Routing\Router->prepareResponse(Object(Illuminate\Http\Request), Object(Illuminate\View\View))
#9 [internal function]: Illuminate\Routing\Router->Illuminate\Routing\{closure}(Object(Illuminate\Http\Request))
#10 /home/simeon/dev/sbalo.bg/storage/framework/compiled.php(8952): call_user_func(Object(Closure), Object(Illuminate\Http\Request))
#11 [internal function]: Illuminate\Pipeline\Pipeline->Illuminate\Pipeline\{closure}(Object(Illuminate\Http\Request))
#12 /home/simeon/dev/sbalo.bg/storage/framework/compiled.php(8935): call_user_func(Object(Closure), Object(Illuminate\Http\Request))
#13 /home/simeon/dev/sbalo.bg/storage/framework/compiled.php(6955): Illuminate\Pipeline\Pipeline->then(Object(Closure))
#14 /home/simeon/dev/sbalo.bg/storage/framework/compiled.php(6944): Illuminate\Routing\Router->runRouteWithinStack(Object(Illuminate\Routing\Route), Object(Illuminate\Http\Request))
#15 /home/simeon/dev/sbalo.bg/storage/framework/compiled.php(6929): Illuminate\Routing\Router->dispatchToRoute(Object(Illuminate\Http\Request))
#16 /home/simeon/dev/sbalo.bg/storage/framework/compiled.php(1935): Illuminate\Routing\Router->dispatch(Object(Illuminate\Http\Request))
#17 [internal function]: Illuminate\Foundation\Http\Kernel->Illuminate\Foundation\Http\{closure}(Object(Illuminate\Http\Request))
#18 /home/simeon/dev/sbalo.bg/storage/framework/compiled.php(8952): call_user_func(Object(Closure), Object(Illuminate\Http\Request))
#19 /home/simeon/dev/sbalo.bg/storage/framework/compiled.php(2438): Illuminate\Pipeline\Pipeline->Illuminate\Pipeline\{closure}(Object(Illuminate\Http\Request))
#20 /home/simeon/dev/sbalo.bg/app/Http/Middleware/VerifyCsrfToken.php(17): Illuminate\Foundation\Http\Middleware\VerifyCsrfToken->handle(Object(Illuminate\Http\Request), Object(Closure))
#21 /home/simeon/dev/sbalo.bg/storage/framework/compiled.php(8944): App\Http\Middleware\VerifyCsrfToken->handle(Object(Illuminate\Http\Request), Object(Closure))
#22 /home/simeon/dev/sbalo.bg/storage/framework/compiled.php(12083): Illuminate\Pipeline\Pipeline->Illuminate\Pipeline\{closure}(Object(Illuminate\Http\Request))
#23 /home/simeon/dev/sbalo.bg/storage/framework/compiled.php(8944): Illuminate\View\Middleware\ShareErrorsFromSession->handle(Object(Illuminate\Http\Request), Object(Closure))
#24 /home/simeon/dev/sbalo.bg/storage/framework/compiled.php(10785): Illuminate\Pipeline\Pipeline->Illuminate\Pipeline\{closure}(Object(Illuminate\Http\Request))
#25 /home/simeon/dev/sbalo.bg/storage/framework/compiled.php(8944): Illuminate\Session\Middleware\StartSession->handle(Object(Illuminate\Http\Request), Object(Closure))
#26 /home/simeon/dev/sbalo.bg/storage/framework/compiled.php(11789): Illuminate\Pipeline\Pipeline->Illuminate\Pipeline\{closure}(Object(Illuminate\Http\Request))
#27 /home/simeon/dev/sbalo.bg/storage/framework/compiled.php(8944): Illuminate\Cookie\Middleware\AddQueuedCookiesToResponse->handle(Object(Illuminate\Http\Request), Object(Closure))
#28 /home/simeon/dev/sbalo.bg/storage/framework/compiled.php(11738): Illuminate\Pipeline\Pipeline->Illuminate\Pipeline\{closure}(Object(Illuminate\Http\Request))
#29 /home/simeon/dev/sbalo.bg/storage/framework/compiled.php(8944): Illuminate\Cookie\Middleware\EncryptCookies->handle(Object(Illuminate\Http\Request), Object(Closure))
#30 /home/simeon/dev/sbalo.bg/storage/framework/compiled.php(2478): Illuminate\Pipeline\Pipeline->Illuminate\Pipeline\{closure}(Object(Illuminate\Http\Request))
#31 /home/simeon/dev/sbalo.bg/storage/framework/compiled.php(8944): Illuminate\Foundation\Http\Middleware\CheckForMaintenanceMode->handle(Object(Illuminate\Http\Request), Object(Closure))
#32 [internal function]: Illuminate\Pipeline\Pipeline->Illuminate\Pipeline\{closure}(Object(Illuminate\Http\Request))
#33 /home/simeon/dev/sbalo.bg/storage/framework/compiled.php(8935): call_user_func(Object(Closure), Object(Illuminate\Http\Request))
#34 /home/simeon/dev/sbalo.bg/storage/framework/compiled.php(1891): Illuminate\Pipeline\Pipeline->then(Object(Closure))
#35 /home/simeon/dev/sbalo.bg/storage/framework/compiled.php(1880): Illuminate\Foundation\Http\Kernel->sendRequestThroughRouter(Object(Illuminate\Http\Request))
#36 /home/simeon/dev/sbalo.bg/public/index.php(53): Illuminate\Foundation\Http\Kernel->handle(Object(Illuminate\Http\Request))
#37 {main}  
