[2015-03-16 20:00:53] local.ERROR: exception 'Symfony\Component\Debug\Exception\FatalErrorException' with message 'syntax error, unexpected '}'' in /home/simeon/dev/sbalo.bg/app/Http/routes/home.php:16
Stack trace:
#0 /home/simeon/dev/sbalo.bg/storage/framework/compiled.php(1738): Illuminate\Foundation\Bootstrap\HandleExceptions->fatalExceptionFromError(Array)
#1 [internal function]: Illuminate\Foundation\Bootstrap\HandleExceptions->handleShutdown()
#2 {main}  
[2015-03-16 20:01:09] local.ERROR: exception 'InvalidArgumentException' with message 'View [pags.home.contacts] not found.' in /home/simeon/dev/sbalo.bg/storage/framework/compiled.php:12898
Stack trace:
#0 /home/simeon/dev/sbalo.bg/storage/framework/compiled.php(12871): Illuminate\View\FileViewFinder->findInPaths('pags.home.conta...', Array)
#1 /home/simeon/dev/sbalo.bg/storage/framework/compiled.php(12996): Illuminate\View\FileViewFinder->find('pags.home.conta...')
#2 /home/simeon/dev/sbalo.bg/vendor/laravel/framework/src/Illuminate/Foundation/helpers.php(563): Illuminate\View\Factory->make('pags/home/conta...', Array, Array)
#3 /home/simeon/dev/sbalo.bg/app/Http/Controllers/MainController.php(17): view('pags/home/conta...')
#4 [internal function]: App\Http\Controllers\MainController->contacts()
#5 /home/simeon/dev/sbalo.bg/storage/framework/compiled.php(8287): call_user_func_array(Array, Array)
#6 /home/simeon/dev/sbalo.bg/storage/framework/compiled.php(8354): Illuminate\Routing\Controller->callAction('contacts', Array)
#7 /home/simeon/dev/sbalo.bg/storage/framework/compiled.php(8333): Illuminate\Routing\ControllerDispatcher->call(Object(App\Http\Controllers\MainController), Object(Illuminate\Routing\Route), 'contacts')
#8 [internal function]: Illuminate\Routing\ControllerDispatcher->Illuminate\Routing\{closure}(Object(Illuminate\Http\Request))
#9 /home/simeon/dev/sbalo.bg/storage/framework/compiled.php(8952): call_user_func(Object(Closure), Object(Illuminate\Http\Request))
#10 [internal function]: Illuminate\Pipeline\Pipeline->Illuminate\Pipeline\{closure}(Object(Illuminate\Http\Request))
#11 /home/simeon/dev/sbalo.bg/storage/framework/compiled.php(8935): call_user_func(Object(Closure), Object(Illuminate\Http\Request))
#12 /home/simeon/dev/sbalo.bg/storage/framework/compiled.php(8334): Illuminate\Pipeline\Pipeline->then(Object(Closure))
#13 /home/simeon/dev/sbalo.bg/storage/framework/compiled.php(8320): Illuminate\Routing\ControllerDispatcher->callWithinStack(Object(App\Http\Controllers\MainController), Object(Illuminate\Routing\Route), Object(Illuminate\Http\Request), 'contacts')
#14 /home/simeon/dev/sbalo.bg/storage/framework/compiled.php(7317): Illuminate\Routing\ControllerDispatcher->dispatch(Object(Illuminate\Routing\Route), Object(Illuminate\Http\Request), 'App\Http\Contro...', 'contacts')
#15 /home/simeon/dev/sbalo.bg/storage/framework/compiled.php(7288): Illuminate\Routing\Route->runWithCustomDispatcher(Object(Illuminate\Http\Request))
#16 /home/simeon/dev/sbalo.bg/storage/framework/compiled.php(6954): Illuminate\Routing\Route->run(Object(Illuminate\Http\Request))
#17 [internal function]: Illuminate\Routing\Router->Illuminate\Routing\{closure}(Object(Illuminate\Http\Request))
#18 /home/simeon/dev/sbalo.bg/storage/framework/compiled.php(8952): call_user_func(Object(Closure), Object(Illuminate\Http\Request))
#19 [internal function]: Illuminate\Pipeline\Pipeline->Illuminate\Pipeline\{closure}(Object(Illuminate\Http\Request))
#20 /home/simeon/dev/sbalo.bg/storage/framework/compiled.php(8935): call_user_func(Object(Closure), Object(Illuminate\Http\Request))
#21 /home/simeon/dev/sbalo.bg/storage/framework/compiled.php(6955): Illuminate\Pipeline\Pipeline->then(Object(Closure))
#22 /home/simeon/dev/sbalo.bg/storage/framework/compiled.php(6944): Illuminate\Routing\Router->runRouteWithinStack(Object(Illuminate\Routing\Route), Object(Illuminate\Http\Request))
#23 /home/simeon/dev/sbalo.bg/storage/framework/compiled.php(6929): Illuminate\Routing\Router->dispatchToRoute(Object(Illuminate\Http\Request))
#24 /home/simeon/dev/sbalo.bg/storage/framework/compiled.php(1935): Illuminate\Routing\Router->dispatch(Object(Illuminate\Http\Request))
#25 [internal function]: Illuminate\Foundation\Http\Kernel->Illuminate\Foundation\Http\{closure}(Object(Illuminate\Http\Request))
#26 /home/simeon/dev/sbalo.bg/storage/framework/compiled.php(8952): call_user_func(Object(Closure), Object(Illuminate\Http\Request))
#27 /home/simeon/dev/sbalo.bg/storage/framework/compiled.php(2438): Illuminate\Pipeline\Pipeline->Illuminate\Pipeline\{closure}(Object(Illuminate\Http\Request))
#28 /home/simeon/dev/sbalo.bg/app/Http/Middleware/VerifyCsrfToken.php(17): Illuminate\Foundation\Http\Middleware\VerifyCsrfToken->handle(Object(Illuminate\Http\Request), Object(Closure))
#29 /home/simeon/dev/sbalo.bg/storage/framework/compiled.php(8944): App\Http\Middleware\VerifyCsrfToken->handle(Object(Illuminate\Http\Request), Object(Closure))
#30 /home/simeon/dev/sbalo.bg/storage/framework/compiled.php(12083): Illuminate\Pipeline\Pipeline->Illuminate\Pipeline\{closure}(Object(Illuminate\Http\Request))
#31 /home/simeon/dev/sbalo.bg/storage/framework/compiled.php(8944): Illuminate\View\Middleware\ShareErrorsFromSession->handle(Object(Illuminate\Http\Request), Object(Closure))
#32 /home/simeon/dev/sbalo.bg/storage/framework/compiled.php(10785): Illuminate\Pipeline\Pipeline->Illuminate\Pipeline\{closure}(Object(Illuminate\Http\Request))
#33 /home/simeon/dev/sbalo.bg/storage/framework/compiled.php(8944): Illuminate\Session\Middleware\StartSession->handle(Object(Illuminate\Http\Request), Object(Closure))
#34 /home/simeon/dev/sbalo.bg/storage/framework/compiled.php(11789): Illuminate\Pipeline\Pipeline->Illuminate\Pipeline\{closure}(Object(Illuminate\Http\Request))
#35 /home/simeon/dev/sbalo.bg/storage/framework/compiled.php(8944): Illuminate\Cookie\Middleware\AddQueuedCookiesToResponse->handle(Object(Illuminate\Http\Request), Object(Closure))
#36 /home/simeon/dev/sbalo.bg/storage/framework/compiled.php(11738): Illuminate\Pipeline\Pipeline->Illuminate\Pipeline\{closure}(Object(Illuminate\Http\Request))
#37 /home/simeon/dev/sbalo.bg/storage/framework/compiled.php(8944): Illuminate\Cookie\Middleware\EncryptCookies->handle(Object(Illuminate\Http\Request), Object(Closure))
#38 /home/simeon/dev/sbalo.bg/storage/framework/compiled.php(2478): Illuminate\Pipeline\Pipeline->Illuminate\Pipeline\{closure}(Object(Illuminate\Http\Request))
#39 /home/simeon/dev/sbalo.bg/storage/framework/compiled.php(8944): Illuminate\Foundation\Http\Middleware\CheckForMaintenanceMode->handle(Object(Illuminate\Http\Request), Object(Closure))
#40 [internal function]: Illuminate\Pipeline\Pipeline->Illuminate\Pipeline\{closure}(Object(Illuminate\Http\Request))
#41 /home/simeon/dev/sbalo.bg/storage/framework/compiled.php(8935): call_user_func(Object(Closure), Object(Illuminate\Http\Request))
#42 /home/simeon/dev/sbalo.bg/storage/framework/compiled.php(1891): Illuminate\Pipeline\Pipeline->then(Object(Closure))
#43 /home/simeon/dev/sbalo.bg/storage/framework/compiled.php(1880): Illuminate\Foundation\Http\Kernel->sendRequestThroughRouter(Object(Illuminate\Http\Request))
#44 /home/simeon/dev/sbalo.bg/public/index.php(53): Illuminate\Foundation\Http\Kernel->handle(Object(Illuminate\Http\Request))
#45 {main}  
[2015-03-16 20:40:46] local.ERROR: exception 'Symfony\Component\Debug\Exception\FatalErrorException' with message 'Call to undefined method Illuminate\Foundation\Application::missing()' in /home/simeon/dev/sbalo.bg/storage/framework/compiled.php:5301
Stack trace:
#0 /home/simeon/dev/sbalo.bg/storage/framework/compiled.php(1738): Illuminate\Foundation\Bootstrap\HandleExceptions->fatalExceptionFromError(Array)
#1 [internal function]: Illuminate\Foundation\Bootstrap\HandleExceptions->handleShutdown()
#2 {main}  
[2015-03-16 20:49:05] local.ERROR: exception 'PDOException' with message 'SQLSTATE[42S22]: Column not found: 1054 Unknown column 'otadel' in 'where clause'' in /home/simeon/dev/sbalo.bg/vendor/laravel/framework/src/Illuminate/Database/Connection.php:288
Stack trace:
#0 /home/simeon/dev/sbalo.bg/vendor/laravel/framework/src/Illuminate/Database/Connection.php(288): PDO->prepare('select * from `...')
#1 /home/simeon/dev/sbalo.bg/vendor/laravel/framework/src/Illuminate/Database/Connection.php(612): Illuminate\Database\Connection->Illuminate\Database\{closure}(Object(Illuminate\Database\MySqlConnection), 'select * from `...', Array)
#2 /home/simeon/dev/sbalo.bg/vendor/laravel/framework/src/Illuminate/Database/Connection.php(576): Illuminate\Database\Connection->runQueryCallback('select * from `...', Array, Object(Closure))
#3 /home/simeon/dev/sbalo.bg/vendor/laravel/framework/src/Illuminate/Database/Connection.php(293): Illuminate\Database\Connection->run('select * from `...', Array, Object(Closure))
#4 /home/simeon/dev/sbalo.bg/vendor/laravel/framework/src/Illuminate/Database/Query/Builder.php(1377): Illuminate\Database\Connection->select('select * from `...', Array, true)
#5 /home/simeon/dev/sbalo.bg/vendor/laravel/framework/src/Illuminate/Database/Query/Builder.php(1367): Illuminate\Database\Query\Builder->runSelect()
#6 /home/simeon/dev/sbalo.bg/vendor/laravel/framework/src/Illuminate/Database/Query/Builder.php(1354): Illuminate\Database\Query\Builder->getFresh(Array)
#7 /home/simeon/dev/sbalo.bg/app/Http/Controllers/StructureController.php(18): Illuminate\Database\Query\Builder->get()
#8 [internal function]: App\Http\Controllers\StructureController->first_inner('dcb')
#9 /home/simeon/dev/sbalo.bg/storage/framework/compiled.php(8287): call_user_func_array(Array, Array)
#10 /home/simeon/dev/sbalo.bg/storage/framework/compiled.php(8354): Illuminate\Routing\Controller->callAction('first_inner', Array)
#11 /home/simeon/dev/sbalo.bg/storage/framework/compiled.php(8333): Illuminate\Routing\ControllerDispatcher->call(Object(App\Http\Controllers\StructureController), Object(Illuminate\Routing\Route), 'first_inner')
#12 [internal function]: Illuminate\Routing\ControllerDispatcher->Illuminate\Routing\{closure}(Object(Illuminate\Http\Request))
#13 /home/simeon/dev/sbalo.bg/storage/framework/compiled.php(8952): call_user_func(Object(Closure), Object(Illuminate\Http\Request))
#14 [internal function]: Illuminate\Pipeline\Pipeline->Illuminate\Pipeline\{closure}(Object(Illuminate\Http\Request))
#15 /home/simeon/dev/sbalo.bg/storage/framework/compiled.php(8935): call_user_func(Object(Closure), Object(Illuminate\Http\Request))
#16 /home/simeon/dev/sbalo.bg/storage/framework/compiled.php(8334): Illuminate\Pipeline\Pipeline->then(Object(Closure))
#17 /home/simeon/dev/sbalo.bg/storage/framework/compiled.php(8320): Illuminate\Routing\ControllerDispatcher->callWithinStack(Object(App\Http\Controllers\StructureController), Object(Illuminate\Routing\Route), Object(Illuminate\Http\Request), 'first_inner')
#18 /home/simeon/dev/sbalo.bg/storage/framework/compiled.php(7317): Illuminate\Routing\ControllerDispatcher->dispatch(Object(Illuminate\Routing\Route), Object(Illuminate\Http\Request), 'App\Http\Contro...', 'first_inner')
#19 /home/simeon/dev/sbalo.bg/storage/framework/compiled.php(7288): Illuminate\Routing\Route->runWithCustomDispatcher(Object(Illuminate\Http\Request))
#20 /home/simeon/dev/sbalo.bg/storage/framework/compiled.php(6954): Illuminate\Routing\Route->run(Object(Illuminate\Http\Request))
#21 [internal function]: Illuminate\Routing\Router->Illuminate\Routing\{closure}(Object(Illuminate\Http\Request))
#22 /home/simeon/dev/sbalo.bg/storage/framework/compiled.php(8952): call_user_func(Object(Closure), Object(Illuminate\Http\Request))
#23 [internal function]: Illuminate\Pipeline\Pipeline->Illuminate\Pipeline\{closure}(Object(Illuminate\Http\Request))
#24 /home/simeon/dev/sbalo.bg/storage/framework/compiled.php(8935): call_user_func(Object(Closure), Object(Illuminate\Http\Request))
#25 /home/simeon/dev/sbalo.bg/storage/framework/compiled.php(6955): Illuminate\Pipeline\Pipeline->then(Object(Closure))
#26 /home/simeon/dev/sbalo.bg/storage/framework/compiled.php(6944): Illuminate\Routing\Router->runRouteWithinStack(Object(Illuminate\Routing\Route), Object(Illuminate\Http\Request))
#27 /home/simeon/dev/sbalo.bg/storage/framework/compiled.php(6929): Illuminate\Routing\Router->dispatchToRoute(Object(Illuminate\Http\Request))
#28 /home/simeon/dev/sbalo.bg/storage/framework/compiled.php(1935): Illuminate\Routing\Router->dispatch(Object(Illuminate\Http\Request))
#29 [internal function]: Illuminate\Foundation\Http\Kernel->Illuminate\Foundation\Http\{closure}(Object(Illuminate\Http\Request))
#30 /home/simeon/dev/sbalo.bg/storage/framework/compiled.php(8952): call_user_func(Object(Closure), Object(Illuminate\Http\Request))
#31 /home/simeon/dev/sbalo.bg/storage/framework/compiled.php(2438): Illuminate\Pipeline\Pipeline->Illuminate\Pipeline\{closure}(Object(Illuminate\Http\Request))
#32 /home/simeon/dev/sbalo.bg/app/Http/Middleware/VerifyCsrfToken.php(17): Illuminate\Foundation\Http\Middleware\VerifyCsrfToken->handle(Object(Illuminate\Http\Request), Object(Closure))
#33 /home/simeon/dev/sbalo.bg/storage/framework/compiled.php(8944): App\Http\Middleware\VerifyCsrfToken->handle(Object(Illuminate\Http\Request), Object(Closure))
#34 /home/simeon/dev/sbalo.bg/storage/framework/compiled.php(12083): Illuminate\Pipeline\Pipeline->Illuminate\Pipeline\{closure}(Object(Illuminate\Http\Request))
#35 /home/simeon/dev/sbalo.bg/storage/framework/compiled.php(8944): Illuminate\View\Middleware\ShareErrorsFromSession->handle(Object(Illuminate\Http\Request), Object(Closure))
#36 /home/simeon/dev/sbalo.bg/storage/framework/compiled.php(10785): Illuminate\Pipeline\Pipeline->Illuminate\Pipeline\{closure}(Object(Illuminate\Http\Request))
#37 /home/simeon/dev/sbalo.bg/storage/framework/compiled.php(8944): Illuminate\Session\Middleware\StartSession->handle(Object(Illuminate\Http\Request), Object(Closure))
#38 /home/simeon/dev/sbalo.bg/storage/framework/compiled.php(11789): Illuminate\Pipeline\Pipeline->Illuminate\Pipeline\{closure}(Object(Illuminate\Http\Request))
#39 /home/simeon/dev/sbalo.bg/storage/framework/compiled.php(8944): Illuminate\Cookie\Middleware\AddQueuedCookiesToResponse->handle(Object(Illuminate\Http\Request), Object(Closure))
#40 /home/simeon/dev/sbalo.bg/storage/framework/compiled.php(11738): Illuminate\Pipeline\Pipeline->Illuminate\Pipeline\{closure}(Object(Illuminate\Http\Request))
#41 /home/simeon/dev/sbalo.bg/storage/framework/compiled.php(8944): Illuminate\Cookie\Middleware\EncryptCookies->handle(Object(Illuminate\Http\Request), Object(Closure))
#42 /home/simeon/dev/sbalo.bg/storage/framework/compiled.php(2478): Illuminate\Pipeline\Pipeline->Illuminate\Pipeline\{closure}(Object(Illuminate\Http\Request))
#43 /home/simeon/dev/sbalo.bg/storage/framework/compiled.php(8944): Illuminate\Foundation\Http\Middleware\CheckForMaintenanceMode->handle(Object(Illuminate\Http\Request), Object(Closure))
#44 [internal function]: Illuminate\Pipeline\Pipeline->Illuminate\Pipeline\{closure}(Object(Illuminate\Http\Request))
#45 /home/simeon/dev/sbalo.bg/storage/framework/compiled.php(8935): call_user_func(Object(Closure), Object(Illuminate\Http\Request))
#46 /home/simeon/dev/sbalo.bg/storage/framework/compiled.php(1891): Illuminate\Pipeline\Pipeline->then(Object(Closure))
#47 /home/simeon/dev/sbalo.bg/storage/framework/compiled.php(1880): Illuminate\Foundation\Http\Kernel->sendRequestThroughRouter(Object(Illuminate\Http\Request))
#48 /home/simeon/dev/sbalo.bg/public/index.php(53): Illuminate\Foundation\Http\Kernel->handle(Object(Illuminate\Http\Request))
#49 {main}

Next exception 'Illuminate\Database\QueryException' with message 'SQLSTATE[42S22]: Column not found: 1054 Unknown column 'otadel' in 'where clause' (SQL: select * from `structure` where `otadel` = dcb)' in /home/simeon/dev/sbalo.bg/vendor/laravel/framework/src/Illuminate/Database/Connection.php:620
Stack trace:
#0 /home/simeon/dev/sbalo.bg/vendor/laravel/framework/src/Illuminate/Database/Connection.php(576): Illuminate\Database\Connection->runQueryCallback('select * from `...', Array, Object(Closure))
#1 /home/simeon/dev/sbalo.bg/vendor/laravel/framework/src/Illuminate/Database/Connection.php(293): Illuminate\Database\Connection->run('select * from `...', Array, Object(Closure))
#2 /home/simeon/dev/sbalo.bg/vendor/laravel/framework/src/Illuminate/Database/Query/Builder.php(1377): Illuminate\Database\Connection->select('select * from `...', Array, true)
#3 /home/simeon/dev/sbalo.bg/vendor/laravel/framework/src/Illuminate/Database/Query/Builder.php(1367): Illuminate\Database\Query\Builder->runSelect()
#4 /home/simeon/dev/sbalo.bg/vendor/laravel/framework/src/Illuminate/Database/Query/Builder.php(1354): Illuminate\Database\Query\Builder->getFresh(Array)
#5 /home/simeon/dev/sbalo.bg/app/Http/Controllers/StructureController.php(18): Illuminate\Database\Query\Builder->get()
#6 [internal function]: App\Http\Controllers\StructureController->first_inner('dcb')
#7 /home/simeon/dev/sbalo.bg/storage/framework/compiled.php(8287): call_user_func_array(Array, Array)
#8 /home/simeon/dev/sbalo.bg/storage/framework/compiled.php(8354): Illuminate\Routing\Controller->callAction('first_inner', Array)
#9 /home/simeon/dev/sbalo.bg/storage/framework/compiled.php(8333): Illuminate\Routing\ControllerDispatcher->call(Object(App\Http\Controllers\StructureController), Object(Illuminate\Routing\Route), 'first_inner')
#10 [internal function]: Illuminate\Routing\ControllerDispatcher->Illuminate\Routing\{closure}(Object(Illuminate\Http\Request))
#11 /home/simeon/dev/sbalo.bg/storage/framework/compiled.php(8952): call_user_func(Object(Closure), Object(Illuminate\Http\Request))
#12 [internal function]: Illuminate\Pipeline\Pipeline->Illuminate\Pipeline\{closure}(Object(Illuminate\Http\Request))
#13 /home/simeon/dev/sbalo.bg/storage/framework/compiled.php(8935): call_user_func(Object(Closure), Object(Illuminate\Http\Request))
#14 /home/simeon/dev/sbalo.bg/storage/framework/compiled.php(8334): Illuminate\Pipeline\Pipeline->then(Object(Closure))
#15 /home/simeon/dev/sbalo.bg/storage/framework/compiled.php(8320): Illuminate\Routing\ControllerDispatcher->callWithinStack(Object(App\Http\Controllers\StructureController), Object(Illuminate\Routing\Route), Object(Illuminate\Http\Request), 'first_inner')
#16 /home/simeon/dev/sbalo.bg/storage/framework/compiled.php(7317): Illuminate\Routing\ControllerDispatcher->dispatch(Object(Illuminate\Routing\Route), Object(Illuminate\Http\Request), 'App\Http\Contro...', 'first_inner')
#17 /home/simeon/dev/sbalo.bg/storage/framework/compiled.php(7288): Illuminate\Routing\Route->runWithCustomDispatcher(Object(Illuminate\Http\Request))
#18 /home/simeon/dev/sbalo.bg/storage/framework/compiled.php(6954): Illuminate\Routing\Route->run(Object(Illuminate\Http\Request))
#19 [internal function]: Illuminate\Routing\Router->Illuminate\Routing\{closure}(Object(Illuminate\Http\Request))
#20 /home/simeon/dev/sbalo.bg/storage/framework/compiled.php(8952): call_user_func(Object(Closure), Object(Illuminate\Http\Request))
#21 [internal function]: Illuminate\Pipeline\Pipeline->Illuminate\Pipeline\{closure}(Object(Illuminate\Http\Request))
#22 /home/simeon/dev/sbalo.bg/storage/framework/compiled.php(8935): call_user_func(Object(Closure), Object(Illuminate\Http\Request))
#23 /home/simeon/dev/sbalo.bg/storage/framework/compiled.php(6955): Illuminate\Pipeline\Pipeline->then(Object(Closure))
#24 /home/simeon/dev/sbalo.bg/storage/framework/compiled.php(6944): Illuminate\Routing\Router->runRouteWithinStack(Object(Illuminate\Routing\Route), Object(Illuminate\Http\Request))
#25 /home/simeon/dev/sbalo.bg/storage/framework/compiled.php(6929): Illuminate\Routing\Router->dispatchToRoute(Object(Illuminate\Http\Request))
#26 /home/simeon/dev/sbalo.bg/storage/framework/compiled.php(1935): Illuminate\Routing\Router->dispatch(Object(Illuminate\Http\Request))
#27 [internal function]: Illuminate\Foundation\Http\Kernel->Illuminate\Foundation\Http\{closure}(Object(Illuminate\Http\Request))
#28 /home/simeon/dev/sbalo.bg/storage/framework/compiled.php(8952): call_user_func(Object(Closure), Object(Illuminate\Http\Request))
#29 /home/simeon/dev/sbalo.bg/storage/framework/compiled.php(2438): Illuminate\Pipeline\Pipeline->Illuminate\Pipeline\{closure}(Object(Illuminate\Http\Request))
#30 /home/simeon/dev/sbalo.bg/app/Http/Middleware/VerifyCsrfToken.php(17): Illuminate\Foundation\Http\Middleware\VerifyCsrfToken->handle(Object(Illuminate\Http\Request), Object(Closure))
#31 /home/simeon/dev/sbalo.bg/storage/framework/compiled.php(8944): App\Http\Middleware\VerifyCsrfToken->handle(Object(Illuminate\Http\Request), Object(Closure))
#32 /home/simeon/dev/sbalo.bg/storage/framework/compiled.php(12083): Illuminate\Pipeline\Pipeline->Illuminate\Pipeline\{closure}(Object(Illuminate\Http\Request))
#33 /home/simeon/dev/sbalo.bg/storage/framework/compiled.php(8944): Illuminate\View\Middleware\ShareErrorsFromSession->handle(Object(Illuminate\Http\Request), Object(Closure))
#34 /home/simeon/dev/sbalo.bg/storage/framework/compiled.php(10785): Illuminate\Pipeline\Pipeline->Illuminate\Pipeline\{closure}(Object(Illuminate\Http\Request))
#35 /home/simeon/dev/sbalo.bg/storage/framework/compiled.php(8944): Illuminate\Session\Middleware\StartSession->handle(Object(Illuminate\Http\Request), Object(Closure))
#36 /home/simeon/dev/sbalo.bg/storage/framework/compiled.php(11789): Illuminate\Pipeline\Pipeline->Illuminate\Pipeline\{closure}(Object(Illuminate\Http\Request))
#37 /home/simeon/dev/sbalo.bg/storage/framework/compiled.php(8944): Illuminate\Cookie\Middleware\AddQueuedCookiesToResponse->handle(Object(Illuminate\Http\Request), Object(Closure))
#38 /home/simeon/dev/sbalo.bg/storage/framework/compiled.php(11738): Illuminate\Pipeline\Pipeline->Illuminate\Pipeline\{closure}(Object(Illuminate\Http\Request))
#39 /home/simeon/dev/sbalo.bg/storage/framework/compiled.php(8944): Illuminate\Cookie\Middleware\EncryptCookies->handle(Object(Illuminate\Http\Request), Object(Closure))
#40 /home/simeon/dev/sbalo.bg/storage/framework/compiled.php(2478): Illuminate\Pipeline\Pipeline->Illuminate\Pipeline\{closure}(Object(Illuminate\Http\Request))
#41 /home/simeon/dev/sbalo.bg/storage/framework/compiled.php(8944): Illuminate\Foundation\Http\Middleware\CheckForMaintenanceMode->handle(Object(Illuminate\Http\Request), Object(Closure))
#42 [internal function]: Illuminate\Pipeline\Pipeline->Illuminate\Pipeline\{closure}(Object(Illuminate\Http\Request))
#43 /home/simeon/dev/sbalo.bg/storage/framework/compiled.php(8935): call_user_func(Object(Closure), Object(Illuminate\Http\Request))
#44 /home/simeon/dev/sbalo.bg/storage/framework/compiled.php(1891): Illuminate\Pipeline\Pipeline->then(Object(Closure))
#45 /home/simeon/dev/sbalo.bg/storage/framework/compiled.php(1880): Illuminate\Foundation\Http\Kernel->sendRequestThroughRouter(Object(Illuminate\Http\Request))
#46 /home/simeon/dev/sbalo.bg/public/index.php(53): Illuminate\Foundation\Http\Kernel->handle(Object(Illuminate\Http\Request))
#47 {main}  
[2015-03-16 20:49:29] local.ERROR: exception 'Symfony\Component\Debug\Exception\FatalErrorException' with message 'syntax error, unexpected '''' (T_CONSTANT_ENCAPSED_STRING)' in /home/simeon/dev/sbalo.bg/app/Http/Controllers/StructureController.php:18
Stack trace:
#0 /home/simeon/dev/sbalo.bg/storage/framework/compiled.php(1738): Illuminate\Foundation\Bootstrap\HandleExceptions->fatalExceptionFromError(Array)
#1 [internal function]: Illuminate\Foundation\Bootstrap\HandleExceptions->handleShutdown()
#2 {main}  
[2015-03-16 20:52:59] local.ERROR: exception 'BadMethodCallException' with message 'Call to undefined method Illuminate\Database\Query\Builder::findOrFail()' in /home/simeon/dev/sbalo.bg/vendor/laravel/framework/src/Illuminate/Database/Query/Builder.php:1992
Stack trace:
#0 /home/simeon/dev/sbalo.bg/app/Http/Controllers/StructureController.php(22): Illuminate\Database\Query\Builder->__call('findOrFail', Array)
#1 /home/simeon/dev/sbalo.bg/app/Http/Controllers/StructureController.php(22): Illuminate\Database\Query\Builder->findOrFail()
#2 [internal function]: App\Http\Controllers\StructureController->second_inner('dcb', 'foster-adviso')
#3 /home/simeon/dev/sbalo.bg/storage/framework/compiled.php(8287): call_user_func_array(Array, Array)
#4 /home/simeon/dev/sbalo.bg/storage/framework/compiled.php(8354): Illuminate\Routing\Controller->callAction('second_inner', Array)
#5 /home/simeon/dev/sbalo.bg/storage/framework/compiled.php(8333): Illuminate\Routing\ControllerDispatcher->call(Object(App\Http\Controllers\StructureController), Object(Illuminate\Routing\Route), 'second_inner')
#6 [internal function]: Illuminate\Routing\ControllerDispatcher->Illuminate\Routing\{closure}(Object(Illuminate\Http\Request))
#7 /home/simeon/dev/sbalo.bg/storage/framework/compiled.php(8952): call_user_func(Object(Closure), Object(Illuminate\Http\Request))
#8 [internal function]: Illuminate\Pipeline\Pipeline->Illuminate\Pipeline\{closure}(Object(Illuminate\Http\Request))
#9 /home/simeon/dev/sbalo.bg/storage/framework/compiled.php(8935): call_user_func(Object(Closure), Object(Illuminate\Http\Request))
#10 /home/simeon/dev/sbalo.bg/storage/framework/compiled.php(8334): Illuminate\Pipeline\Pipeline->then(Object(Closure))
#11 /home/simeon/dev/sbalo.bg/storage/framework/compiled.php(8320): Illuminate\Routing\ControllerDispatcher->callWithinStack(Object(App\Http\Controllers\StructureController), Object(Illuminate\Routing\Route), Object(Illuminate\Http\Request), 'second_inner')
#12 /home/simeon/dev/sbalo.bg/storage/framework/compiled.php(7317): Illuminate\Routing\ControllerDispatcher->dispatch(Object(Illuminate\Routing\Route), Object(Illuminate\Http\Request), 'App\Http\Contro...', 'second_inner')
#13 /home/simeon/dev/sbalo.bg/storage/framework/compiled.php(7288): Illuminate\Routing\Route->runWithCustomDispatcher(Object(Illuminate\Http\Request))
#14 /home/simeon/dev/sbalo.bg/storage/framework/compiled.php(6954): Illuminate\Routing\Route->run(Object(Illuminate\Http\Request))
#15 [internal function]: Illuminate\Routing\Router->Illuminate\Routing\{closure}(Object(Illuminate\Http\Request))
#16 /home/simeon/dev/sbalo.bg/storage/framework/compiled.php(8952): call_user_func(Object(Closure), Object(Illuminate\Http\Request))
#17 [internal function]: Illuminate\Pipeline\Pipeline->Illuminate\Pipeline\{closure}(Object(Illuminate\Http\Request))
#18 /home/simeon/dev/sbalo.bg/storage/framework/compiled.php(8935): call_user_func(Object(Closure), Object(Illuminate\Http\Request))
#19 /home/simeon/dev/sbalo.bg/storage/framework/compiled.php(6955): Illuminate\Pipeline\Pipeline->then(Object(Closure))
#20 /home/simeon/dev/sbalo.bg/storage/framework/compiled.php(6944): Illuminate\Routing\Router->runRouteWithinStack(Object(Illuminate\Routing\Route), Object(Illuminate\Http\Request))
#21 /home/simeon/dev/sbalo.bg/storage/framework/compiled.php(6929): Illuminate\Routing\Router->dispatchToRoute(Object(Illuminate\Http\Request))
#22 /home/simeon/dev/sbalo.bg/storage/framework/compiled.php(1935): Illuminate\Routing\Router->dispatch(Object(Illuminate\Http\Request))
#23 [internal function]: Illuminate\Foundation\Http\Kernel->Illuminate\Foundation\Http\{closure}(Object(Illuminate\Http\Request))
#24 /home/simeon/dev/sbalo.bg/storage/framework/compiled.php(8952): call_user_func(Object(Closure), Object(Illuminate\Http\Request))
#25 /home/simeon/dev/sbalo.bg/storage/framework/compiled.php(2438): Illuminate\Pipeline\Pipeline->Illuminate\Pipeline\{closure}(Object(Illuminate\Http\Request))
#26 /home/simeon/dev/sbalo.bg/app/Http/Middleware/VerifyCsrfToken.php(17): Illuminate\Foundation\Http\Middleware\VerifyCsrfToken->handle(Object(Illuminate\Http\Request), Object(Closure))
#27 /home/simeon/dev/sbalo.bg/storage/framework/compiled.php(8944): App\Http\Middleware\VerifyCsrfToken->handle(Object(Illuminate\Http\Request), Object(Closure))
#28 /home/simeon/dev/sbalo.bg/storage/framework/compiled.php(12083): Illuminate\Pipeline\Pipeline->Illuminate\Pipeline\{closure}(Object(Illuminate\Http\Request))
#29 /home/simeon/dev/sbalo.bg/storage/framework/compiled.php(8944): Illuminate\View\Middleware\ShareErrorsFromSession->handle(Object(Illuminate\Http\Request), Object(Closure))
#30 /home/simeon/dev/sbalo.bg/storage/framework/compiled.php(10785): Illuminate\Pipeline\Pipeline->Illuminate\Pipeline\{closure}(Object(Illuminate\Http\Request))
#31 /home/simeon/dev/sbalo.bg/storage/framework/compiled.php(8944): Illuminate\Session\Middleware\StartSession->handle(Object(Illuminate\Http\Request), Object(Closure))
#32 /home/simeon/dev/sbalo.bg/storage/framework/compiled.php(11789): Illuminate\Pipeline\Pipeline->Illuminate\Pipeline\{closure}(Object(Illuminate\Http\Request))
#33 /home/simeon/dev/sbalo.bg/storage/framework/compiled.php(8944): Illuminate\Cookie\Middleware\AddQueuedCookiesToResponse->handle(Object(Illuminate\Http\Request), Object(Closure))
#34 /home/simeon/dev/sbalo.bg/storage/framework/compiled.php(11738): Illuminate\Pipeline\Pipeline->Illuminate\Pipeline\{closure}(Object(Illuminate\Http\Request))
#35 /home/simeon/dev/sbalo.bg/storage/framework/compiled.php(8944): Illuminate\Cookie\Middleware\EncryptCookies->handle(Object(Illuminate\Http\Request), Object(Closure))
#36 /home/simeon/dev/sbalo.bg/storage/framework/compiled.php(2478): Illuminate\Pipeline\Pipeline->Illuminate\Pipeline\{closure}(Object(Illuminate\Http\Request))
#37 /home/simeon/dev/sbalo.bg/storage/framework/compiled.php(8944): Illuminate\Foundation\Http\Middleware\CheckForMaintenanceMode->handle(Object(Illuminate\Http\Request), Object(Closure))
#38 [internal function]: Illuminate\Pipeline\Pipeline->Illuminate\Pipeline\{closure}(Object(Illuminate\Http\Request))
#39 /home/simeon/dev/sbalo.bg/storage/framework/compiled.php(8935): call_user_func(Object(Closure), Object(Illuminate\Http\Request))
#40 /home/simeon/dev/sbalo.bg/storage/framework/compiled.php(1891): Illuminate\Pipeline\Pipeline->then(Object(Closure))
#41 /home/simeon/dev/sbalo.bg/storage/framework/compiled.php(1880): Illuminate\Foundation\Http\Kernel->sendRequestThroughRouter(Object(Illuminate\Http\Request))
#42 /home/simeon/dev/sbalo.bg/public/index.php(53): Illuminate\Foundation\Http\Kernel->handle(Object(Illuminate\Http\Request))
#43 {main}  
[2015-03-16 20:53:03] local.ERROR: exception 'BadMethodCallException' with message 'Call to undefined method Illuminate\Database\Query\Builder::findOrFail()' in /home/simeon/dev/sbalo.bg/vendor/laravel/framework/src/Illuminate/Database/Query/Builder.php:1992
Stack trace:
#0 /home/simeon/dev/sbalo.bg/app/Http/Controllers/StructureController.php(22): Illuminate\Database\Query\Builder->__call('findOrFail', Array)
#1 /home/simeon/dev/sbalo.bg/app/Http/Controllers/StructureController.php(22): Illuminate\Database\Query\Builder->findOrFail()
#2 [internal function]: App\Http\Controllers\StructureController->second_inner('dcb', 'foster-advisory')
#3 /home/simeon/dev/sbalo.bg/storage/framework/compiled.php(8287): call_user_func_array(Array, Array)
#4 /home/simeon/dev/sbalo.bg/storage/framework/compiled.php(8354): Illuminate\Routing\Controller->callAction('second_inner', Array)
#5 /home/simeon/dev/sbalo.bg/storage/framework/compiled.php(8333): Illuminate\Routing\ControllerDispatcher->call(Object(App\Http\Controllers\StructureController), Object(Illuminate\Routing\Route), 'second_inner')
#6 [internal function]: Illuminate\Routing\ControllerDispatcher->Illuminate\Routing\{closure}(Object(Illuminate\Http\Request))
#7 /home/simeon/dev/sbalo.bg/storage/framework/compiled.php(8952): call_user_func(Object(Closure), Object(Illuminate\Http\Request))
#8 [internal function]: Illuminate\Pipeline\Pipeline->Illuminate\Pipeline\{closure}(Object(Illuminate\Http\Request))
#9 /home/simeon/dev/sbalo.bg/storage/framework/compiled.php(8935): call_user_func(Object(Closure), Object(Illuminate\Http\Request))
#10 /home/simeon/dev/sbalo.bg/storage/framework/compiled.php(8334): Illuminate\Pipeline\Pipeline->then(Object(Closure))
#11 /home/simeon/dev/sbalo.bg/storage/framework/compiled.php(8320): Illuminate\Routing\ControllerDispatcher->callWithinStack(Object(App\Http\Controllers\StructureController), Object(Illuminate\Routing\Route), Object(Illuminate\Http\Request), 'second_inner')
#12 /home/simeon/dev/sbalo.bg/storage/framework/compiled.php(7317): Illuminate\Routing\ControllerDispatcher->dispatch(Object(Illuminate\Routing\Route), Object(Illuminate\Http\Request), 'App\Http\Contro...', 'second_inner')
#13 /home/simeon/dev/sbalo.bg/storage/framework/compiled.php(7288): Illuminate\Routing\Route->runWithCustomDispatcher(Object(Illuminate\Http\Request))
#14 /home/simeon/dev/sbalo.bg/storage/framework/compiled.php(6954): Illuminate\Routing\Route->run(Object(Illuminate\Http\Request))
#15 [internal function]: Illuminate\Routing\Router->Illuminate\Routing\{closure}(Object(Illuminate\Http\Request))
#16 /home/simeon/dev/sbalo.bg/storage/framework/compiled.php(8952): call_user_func(Object(Closure), Object(Illuminate\Http\Request))
#17 [internal function]: Illuminate\Pipeline\Pipeline->Illuminate\Pipeline\{closure}(Object(Illuminate\Http\Request))
#18 /home/simeon/dev/sbalo.bg/storage/framework/compiled.php(8935): call_user_func(Object(Closure), Object(Illuminate\Http\Request))
#19 /home/simeon/dev/sbalo.bg/storage/framework/compiled.php(6955): Illuminate\Pipeline\Pipeline->then(Object(Closure))
#20 /home/simeon/dev/sbalo.bg/storage/framework/compiled.php(6944): Illuminate\Routing\Router->runRouteWithinStack(Object(Illuminate\Routing\Route), Object(Illuminate\Http\Request))
#21 /home/simeon/dev/sbalo.bg/storage/framework/compiled.php(6929): Illuminate\Routing\Router->dispatchToRoute(Object(Illuminate\Http\Request))
#22 /home/simeon/dev/sbalo.bg/storage/framework/compiled.php(1935): Illuminate\Routing\Router->dispatch(Object(Illuminate\Http\Request))
#23 [internal function]: Illuminate\Foundation\Http\Kernel->Illuminate\Foundation\Http\{closure}(Object(Illuminate\Http\Request))
#24 /home/simeon/dev/sbalo.bg/storage/framework/compiled.php(8952): call_user_func(Object(Closure), Object(Illuminate\Http\Request))
#25 /home/simeon/dev/sbalo.bg/storage/framework/compiled.php(2438): Illuminate\Pipeline\Pipeline->Illuminate\Pipeline\{closure}(Object(Illuminate\Http\Request))
#26 /home/simeon/dev/sbalo.bg/app/Http/Middleware/VerifyCsrfToken.php(17): Illuminate\Foundation\Http\Middleware\VerifyCsrfToken->handle(Object(Illuminate\Http\Request), Object(Closure))
#27 /home/simeon/dev/sbalo.bg/storage/framework/compiled.php(8944): App\Http\Middleware\VerifyCsrfToken->handle(Object(Illuminate\Http\Request), Object(Closure))
#28 /home/simeon/dev/sbalo.bg/storage/framework/compiled.php(12083): Illuminate\Pipeline\Pipeline->Illuminate\Pipeline\{closure}(Object(Illuminate\Http\Request))
#29 /home/simeon/dev/sbalo.bg/storage/framework/compiled.php(8944): Illuminate\View\Middleware\ShareErrorsFromSession->handle(Object(Illuminate\Http\Request), Object(Closure))
#30 /home/simeon/dev/sbalo.bg/storage/framework/compiled.php(10785): Illuminate\Pipeline\Pipeline->Illuminate\Pipeline\{closure}(Object(Illuminate\Http\Request))
#31 /home/simeon/dev/sbalo.bg/storage/framework/compiled.php(8944): Illuminate\Session\Middleware\StartSession->handle(Object(Illuminate\Http\Request), Object(Closure))
#32 /home/simeon/dev/sbalo.bg/storage/framework/compiled.php(11789): Illuminate\Pipeline\Pipeline->Illuminate\Pipeline\{closure}(Object(Illuminate\Http\Request))
#33 /home/simeon/dev/sbalo.bg/storage/framework/compiled.php(8944): Illuminate\Cookie\Middleware\AddQueuedCookiesToResponse->handle(Object(Illuminate\Http\Request), Object(Closure))
#34 /home/simeon/dev/sbalo.bg/storage/framework/compiled.php(11738): Illuminate\Pipeline\Pipeline->Illuminate\Pipeline\{closure}(Object(Illuminate\Http\Request))
#35 /home/simeon/dev/sbalo.bg/storage/framework/compiled.php(8944): Illuminate\Cookie\Middleware\EncryptCookies->handle(Object(Illuminate\Http\Request), Object(Closure))
#36 /home/simeon/dev/sbalo.bg/storage/framework/compiled.php(2478): Illuminate\Pipeline\Pipeline->Illuminate\Pipeline\{closure}(Object(Illuminate\Http\Request))
#37 /home/simeon/dev/sbalo.bg/storage/framework/compiled.php(8944): Illuminate\Foundation\Http\Middleware\CheckForMaintenanceMode->handle(Object(Illuminate\Http\Request), Object(Closure))
#38 [internal function]: Illuminate\Pipeline\Pipeline->Illuminate\Pipeline\{closure}(Object(Illuminate\Http\Request))
#39 /home/simeon/dev/sbalo.bg/storage/framework/compiled.php(8935): call_user_func(Object(Closure), Object(Illuminate\Http\Request))
#40 /home/simeon/dev/sbalo.bg/storage/framework/compiled.php(1891): Illuminate\Pipeline\Pipeline->then(Object(Closure))
#41 /home/simeon/dev/sbalo.bg/storage/framework/compiled.php(1880): Illuminate\Foundation\Http\Kernel->sendRequestThroughRouter(Object(Illuminate\Http\Request))
#42 /home/simeon/dev/sbalo.bg/public/index.php(53): Illuminate\Foundation\Http\Kernel->handle(Object(Illuminate\Http\Request))
#43 {main}  
[2015-03-16 20:53:07] local.ERROR: exception 'BadMethodCallException' with message 'Call to undefined method Illuminate\Database\Query\Builder::findOrFail()' in /home/simeon/dev/sbalo.bg/vendor/laravel/framework/src/Illuminate/Database/Query/Builder.php:1992
Stack trace:
#0 /home/simeon/dev/sbalo.bg/app/Http/Controllers/StructureController.php(22): Illuminate\Database\Query\Builder->__call('findOrFail', Array)
#1 /home/simeon/dev/sbalo.bg/app/Http/Controllers/StructureController.php(22): Illuminate\Database\Query\Builder->findOrFail()
#2 [internal function]: App\Http\Controllers\StructureController->second_inner('dcb', 'omcrcr')
#3 /home/simeon/dev/sbalo.bg/storage/framework/compiled.php(8287): call_user_func_array(Array, Array)
#4 /home/simeon/dev/sbalo.bg/storage/framework/compiled.php(8354): Illuminate\Routing\Controller->callAction('second_inner', Array)
#5 /home/simeon/dev/sbalo.bg/storage/framework/compiled.php(8333): Illuminate\Routing\ControllerDispatcher->call(Object(App\Http\Controllers\StructureController), Object(Illuminate\Routing\Route), 'second_inner')
#6 [internal function]: Illuminate\Routing\ControllerDispatcher->Illuminate\Routing\{closure}(Object(Illuminate\Http\Request))
#7 /home/simeon/dev/sbalo.bg/storage/framework/compiled.php(8952): call_user_func(Object(Closure), Object(Illuminate\Http\Request))
#8 [internal function]: Illuminate\Pipeline\Pipeline->Illuminate\Pipeline\{closure}(Object(Illuminate\Http\Request))
#9 /home/simeon/dev/sbalo.bg/storage/framework/compiled.php(8935): call_user_func(Object(Closure), Object(Illuminate\Http\Request))
#10 /home/simeon/dev/sbalo.bg/storage/framework/compiled.php(8334): Illuminate\Pipeline\Pipeline->then(Object(Closure))
#11 /home/simeon/dev/sbalo.bg/storage/framework/compiled.php(8320): Illuminate\Routing\ControllerDispatcher->callWithinStack(Object(App\Http\Controllers\StructureController), Object(Illuminate\Routing\Route), Object(Illuminate\Http\Request), 'second_inner')
#12 /home/simeon/dev/sbalo.bg/storage/framework/compiled.php(7317): Illuminate\Routing\ControllerDispatcher->dispatch(Object(Illuminate\Routing\Route), Object(Illuminate\Http\Request), 'App\Http\Contro...', 'second_inner')
#13 /home/simeon/dev/sbalo.bg/storage/framework/compiled.php(7288): Illuminate\Routing\Route->runWithCustomDispatcher(Object(Illuminate\Http\Request))
#14 /home/simeon/dev/sbalo.bg/storage/framework/compiled.php(6954): Illuminate\Routing\Route->run(Object(Illuminate\Http\Request))
#15 [internal function]: Illuminate\Routing\Router->Illuminate\Routing\{closure}(Object(Illuminate\Http\Request))
#16 /home/simeon/dev/sbalo.bg/storage/framework/compiled.php(8952): call_user_func(Object(Closure), Object(Illuminate\Http\Request))
#17 [internal function]: Illuminate\Pipeline\Pipeline->Illuminate\Pipeline\{closure}(Object(Illuminate\Http\Request))
#18 /home/simeon/dev/sbalo.bg/storage/framework/compiled.php(8935): call_user_func(Object(Closure), Object(Illuminate\Http\Request))
#19 /home/simeon/dev/sbalo.bg/storage/framework/compiled.php(6955): Illuminate\Pipeline\Pipeline->then(Object(Closure))
#20 /home/simeon/dev/sbalo.bg/storage/framework/compiled.php(6944): Illuminate\Routing\Router->runRouteWithinStack(Object(Illuminate\Routing\Route), Object(Illuminate\Http\Request))
#21 /home/simeon/dev/sbalo.bg/storage/framework/compiled.php(6929): Illuminate\Routing\Router->dispatchToRoute(Object(Illuminate\Http\Request))
#22 /home/simeon/dev/sbalo.bg/storage/framework/compiled.php(1935): Illuminate\Routing\Router->dispatch(Object(Illuminate\Http\Request))
#23 [internal function]: Illuminate\Foundation\Http\Kernel->Illuminate\Foundation\Http\{closure}(Object(Illuminate\Http\Request))
#24 /home/simeon/dev/sbalo.bg/storage/framework/compiled.php(8952): call_user_func(Object(Closure), Object(Illuminate\Http\Request))
#25 /home/simeon/dev/sbalo.bg/storage/framework/compiled.php(2438): Illuminate\Pipeline\Pipeline->Illuminate\Pipeline\{closure}(Object(Illuminate\Http\Request))
#26 /home/simeon/dev/sbalo.bg/app/Http/Middleware/VerifyCsrfToken.php(17): Illuminate\Foundation\Http\Middleware\VerifyCsrfToken->handle(Object(Illuminate\Http\Request), Object(Closure))
#27 /home/simeon/dev/sbalo.bg/storage/framework/compiled.php(8944): App\Http\Middleware\VerifyCsrfToken->handle(Object(Illuminate\Http\Request), Object(Closure))
#28 /home/simeon/dev/sbalo.bg/storage/framework/compiled.php(12083): Illuminate\Pipeline\Pipeline->Illuminate\Pipeline\{closure}(Object(Illuminate\Http\Request))
#29 /home/simeon/dev/sbalo.bg/storage/framework/compiled.php(8944): Illuminate\View\Middleware\ShareErrorsFromSession->handle(Object(Illuminate\Http\Request), Object(Closure))
#30 /home/simeon/dev/sbalo.bg/storage/framework/compiled.php(10785): Illuminate\Pipeline\Pipeline->Illuminate\Pipeline\{closure}(Object(Illuminate\Http\Request))
#31 /home/simeon/dev/sbalo.bg/storage/framework/compiled.php(8944): Illuminate\Session\Middleware\StartSession->handle(Object(Illuminate\Http\Request), Object(Closure))
#32 /home/simeon/dev/sbalo.bg/storage/framework/compiled.php(11789): Illuminate\Pipeline\Pipeline->Illuminate\Pipeline\{closure}(Object(Illuminate\Http\Request))
#33 /home/simeon/dev/sbalo.bg/storage/framework/compiled.php(8944): Illuminate\Cookie\Middleware\AddQueuedCookiesToResponse->handle(Object(Illuminate\Http\Request), Object(Closure))
#34 /home/simeon/dev/sbalo.bg/storage/framework/compiled.php(11738): Illuminate\Pipeline\Pipeline->Illuminate\Pipeline\{closure}(Object(Illuminate\Http\Request))
#35 /home/simeon/dev/sbalo.bg/storage/framework/compiled.php(8944): Illuminate\Cookie\Middleware\EncryptCookies->handle(Object(Illuminate\Http\Request), Object(Closure))
#36 /home/simeon/dev/sbalo.bg/storage/framework/compiled.php(2478): Illuminate\Pipeline\Pipeline->Illuminate\Pipeline\{closure}(Object(Illuminate\Http\Request))
#37 /home/simeon/dev/sbalo.bg/storage/framework/compiled.php(8944): Illuminate\Foundation\Http\Middleware\CheckForMaintenanceMode->handle(Object(Illuminate\Http\Request), Object(Closure))
#38 [internal function]: Illuminate\Pipeline\Pipeline->Illuminate\Pipeline\{closure}(Object(Illuminate\Http\Request))
#39 /home/simeon/dev/sbalo.bg/storage/framework/compiled.php(8935): call_user_func(Object(Closure), Object(Illuminate\Http\Request))
#40 /home/simeon/dev/sbalo.bg/storage/framework/compiled.php(1891): Illuminate\Pipeline\Pipeline->then(Object(Closure))
#41 /home/simeon/dev/sbalo.bg/storage/framework/compiled.php(1880): Illuminate\Foundation\Http\Kernel->sendRequestThroughRouter(Object(Illuminate\Http\Request))
#42 /home/simeon/dev/sbalo.bg/public/index.php(53): Illuminate\Foundation\Http\Kernel->handle(Object(Illuminate\Http\Request))
#43 {main}  
[2015-03-16 21:12:09] local.ERROR: exception 'Symfony\Component\Debug\Exception\FatalErrorException' with message 'syntax error, unexpected '}'' in /home/simeon/dev/sbalo.bg/app/Http/routes.php:19
Stack trace:
#0 /home/simeon/dev/sbalo.bg/storage/framework/compiled.php(1738): Illuminate\Foundation\Bootstrap\HandleExceptions->fatalExceptionFromError(Array)
#1 [internal function]: Illuminate\Foundation\Bootstrap\HandleExceptions->handleShutdown()
#2 {main}  
[2015-03-16 21:43:22] local.ERROR: exception 'Symfony\Component\Debug\Exception\FatalErrorException' with message 'Class 'App\Http\Controllers\ModelNotFoundException' not found' in /home/simeon/dev/sbalo.bg/app/Http/Controllers/StructureController.php:22
Stack trace:
#0 /home/simeon/dev/sbalo.bg/storage/framework/compiled.php(1738): Illuminate\Foundation\Bootstrap\HandleExceptions->fatalExceptionFromError(Array)
#1 [internal function]: Illuminate\Foundation\Bootstrap\HandleExceptions->handleShutdown()
#2 {main}  
[2015-03-16 21:46:41] local.ERROR: exception 'Symfony\Component\Debug\Exception\FatalErrorException' with message 'Class 'App\Http\Controllers\ModelNotFoundException' not found' in /home/simeon/dev/sbalo.bg/app/Http/Controllers/StructureController.php:22
Stack trace:
#0 /home/simeon/dev/sbalo.bg/storage/framework/compiled.php(1738): Illuminate\Foundation\Bootstrap\HandleExceptions->fatalExceptionFromError(Array)
#1 [internal function]: Illuminate\Foundation\Bootstrap\HandleExceptions->handleShutdown()
#2 {main}  
[2015-03-16 21:47:13] local.ERROR: exception 'Symfony\Component\Debug\Exception\FatalErrorException' with message 'Class 'App\Http\Controllers\ModelNotFoundException' not found' in /home/simeon/dev/sbalo.bg/app/Http/Controllers/StructureController.php:22
Stack trace:
#0 /home/simeon/dev/sbalo.bg/storage/framework/compiled.php(1738): Illuminate\Foundation\Bootstrap\HandleExceptions->fatalExceptionFromError(Array)
#1 [internal function]: Illuminate\Foundation\Bootstrap\HandleExceptions->handleShutdown()
#2 {main}  
[2015-03-16 21:47:13] local.ERROR: exception 'Symfony\Component\Debug\Exception\FatalErrorException' with message 'Class 'App\Http\Controllers\ModelNotFoundException' not found' in /home/simeon/dev/sbalo.bg/app/Http/Controllers/StructureController.php:22
Stack trace:
#0 /home/simeon/dev/sbalo.bg/storage/framework/compiled.php(1738): Illuminate\Foundation\Bootstrap\HandleExceptions->fatalExceptionFromError(Array)
#1 [internal function]: Illuminate\Foundation\Bootstrap\HandleExceptions->handleShutdown()
#2 {main}  
[2015-03-16 21:47:13] local.ERROR: exception 'Symfony\Component\Debug\Exception\FatalErrorException' with message 'Class 'App\Http\Controllers\ModelNotFoundException' not found' in /home/simeon/dev/sbalo.bg/app/Http/Controllers/StructureController.php:22
Stack trace:
#0 /home/simeon/dev/sbalo.bg/storage/framework/compiled.php(1738): Illuminate\Foundation\Bootstrap\HandleExceptions->fatalExceptionFromError(Array)
#1 [internal function]: Illuminate\Foundation\Bootstrap\HandleExceptions->handleShutdown()
#2 {main}  
[2015-03-16 21:47:13] local.ERROR: exception 'Symfony\Component\Debug\Exception\FatalErrorException' with message 'Class 'App\Http\Controllers\ModelNotFoundException' not found' in /home/simeon/dev/sbalo.bg/app/Http/Controllers/StructureController.php:22
Stack trace:
#0 /home/simeon/dev/sbalo.bg/storage/framework/compiled.php(1738): Illuminate\Foundation\Bootstrap\HandleExceptions->fatalExceptionFromError(Array)
#1 [internal function]: Illuminate\Foundation\Bootstrap\HandleExceptions->handleShutdown()
#2 {main}  
[2015-03-16 21:47:15] local.ERROR: exception 'Symfony\Component\Debug\Exception\FatalErrorException' with message 'Class 'App\Http\Controllers\ModelNotFoundException' not found' in /home/simeon/dev/sbalo.bg/app/Http/Controllers/StructureController.php:22
Stack trace:
#0 /home/simeon/dev/sbalo.bg/storage/framework/compiled.php(1738): Illuminate\Foundation\Bootstrap\HandleExceptions->fatalExceptionFromError(Array)
#1 [internal function]: Illuminate\Foundation\Bootstrap\HandleExceptions->handleShutdown()
#2 {main}  
[2015-03-16 21:47:16] local.ERROR: exception 'Symfony\Component\Debug\Exception\FatalErrorException' with message 'Class 'App\Http\Controllers\ModelNotFoundException' not found' in /home/simeon/dev/sbalo.bg/app/Http/Controllers/StructureController.php:22
Stack trace:
#0 /home/simeon/dev/sbalo.bg/storage/framework/compiled.php(1738): Illuminate\Foundation\Bootstrap\HandleExceptions->fatalExceptionFromError(Array)
#1 [internal function]: Illuminate\Foundation\Bootstrap\HandleExceptions->handleShutdown()
#2 {main}  
[2015-03-16 21:47:54] local.ERROR: exception 'Symfony\Component\Debug\Exception\FatalErrorException' with message 'Class 'App\Http\Controllers\ModelNotFoundException' not found' in /home/simeon/dev/sbalo.bg/app/Http/Controllers/StructureController.php:22
Stack trace:
#0 /home/simeon/dev/sbalo.bg/storage/framework/compiled.php(1738): Illuminate\Foundation\Bootstrap\HandleExceptions->fatalExceptionFromError(Array)
#1 [internal function]: Illuminate\Foundation\Bootstrap\HandleExceptions->handleShutdown()
#2 {main}  
[2015-03-16 21:47:54] local.ERROR: exception 'Symfony\Component\Debug\Exception\FatalErrorException' with message 'Class 'App\Http\Controllers\ModelNotFoundException' not found' in /home/simeon/dev/sbalo.bg/app/Http/Controllers/StructureController.php:22
Stack trace:
#0 /home/simeon/dev/sbalo.bg/storage/framework/compiled.php(1738): Illuminate\Foundation\Bootstrap\HandleExceptions->fatalExceptionFromError(Array)
#1 [internal function]: Illuminate\Foundation\Bootstrap\HandleExceptions->handleShutdown()
#2 {main}  
[2015-03-16 21:47:54] local.ERROR: exception 'Symfony\Component\Debug\Exception\FatalErrorException' with message 'Class 'App\Http\Controllers\ModelNotFoundException' not found' in /home/simeon/dev/sbalo.bg/app/Http/Controllers/StructureController.php:22
Stack trace:
#0 /home/simeon/dev/sbalo.bg/storage/framework/compiled.php(1738): Illuminate\Foundation\Bootstrap\HandleExceptions->fatalExceptionFromError(Array)
#1 [internal function]: Illuminate\Foundation\Bootstrap\HandleExceptions->handleShutdown()
#2 {main}  
[2015-03-16 21:47:54] local.ERROR: exception 'Symfony\Component\Debug\Exception\FatalErrorException' with message 'Class 'App\Http\Controllers\ModelNotFoundException' not found' in /home/simeon/dev/sbalo.bg/app/Http/Controllers/StructureController.php:22
Stack trace:
#0 /home/simeon/dev/sbalo.bg/storage/framework/compiled.php(1738): Illuminate\Foundation\Bootstrap\HandleExceptions->fatalExceptionFromError(Array)
#1 [internal function]: Illuminate\Foundation\Bootstrap\HandleExceptions->handleShutdown()
#2 {main}  
[2015-03-16 21:47:54] local.ERROR: exception 'Symfony\Component\Debug\Exception\FatalErrorException' with message 'Class 'App\Http\Controllers\ModelNotFoundException' not found' in /home/simeon/dev/sbalo.bg/app/Http/Controllers/StructureController.php:22
Stack trace:
#0 /home/simeon/dev/sbalo.bg/storage/framework/compiled.php(1738): Illuminate\Foundation\Bootstrap\HandleExceptions->fatalExceptionFromError(Array)
#1 [internal function]: Illuminate\Foundation\Bootstrap\HandleExceptions->handleShutdown()
#2 {main}  
[2015-03-16 21:47:55] local.ERROR: exception 'Symfony\Component\Debug\Exception\FatalErrorException' with message 'Class 'App\Http\Controllers\ModelNotFoundException' not found' in /home/simeon/dev/sbalo.bg/app/Http/Controllers/StructureController.php:22
Stack trace:
#0 /home/simeon/dev/sbalo.bg/storage/framework/compiled.php(1738): Illuminate\Foundation\Bootstrap\HandleExceptions->fatalExceptionFromError(Array)
#1 [internal function]: Illuminate\Foundation\Bootstrap\HandleExceptions->handleShutdown()
#2 {main}  
[2015-03-16 21:47:55] local.ERROR: exception 'Symfony\Component\Debug\Exception\FatalErrorException' with message 'Class 'App\Http\Controllers\ModelNotFoundException' not found' in /home/simeon/dev/sbalo.bg/app/Http/Controllers/StructureController.php:22
Stack trace:
#0 /home/simeon/dev/sbalo.bg/storage/framework/compiled.php(1738): Illuminate\Foundation\Bootstrap\HandleExceptions->fatalExceptionFromError(Array)
#1 [internal function]: Illuminate\Foundation\Bootstrap\HandleExceptions->handleShutdown()
#2 {main}  
[2015-03-16 21:47:57] local.ERROR: exception 'Symfony\Component\Debug\Exception\FatalErrorException' with message 'Class 'App\Http\Controllers\ModelNotFoundException' not found' in /home/simeon/dev/sbalo.bg/app/Http/Controllers/StructureController.php:22
Stack trace:
#0 /home/simeon/dev/sbalo.bg/storage/framework/compiled.php(1738): Illuminate\Foundation\Bootstrap\HandleExceptions->fatalExceptionFromError(Array)
#1 [internal function]: Illuminate\Foundation\Bootstrap\HandleExceptions->handleShutdown()
#2 {main}  
[2015-03-16 21:54:45] local.ERROR: exception 'Symfony\Component\Debug\Exception\FatalErrorException' with message 'Class 'App\Http\Controllers\Exception' not found' in /home/simeon/dev/sbalo.bg/app/Http/Controllers/StructureController.php:26
Stack trace:
#0 /home/simeon/dev/sbalo.bg/storage/framework/compiled.php(1738): Illuminate\Foundation\Bootstrap\HandleExceptions->fatalExceptionFromError(Array)
#1 [internal function]: Illuminate\Foundation\Bootstrap\HandleExceptions->handleShutdown()
#2 {main}  
[2015-03-16 21:55:17] local.ERROR: exception 'Symfony\Component\Debug\Exception\FatalErrorException' with message 'Class 'App\Http\Controllers\ModelNotFoundException' not found' in /home/simeon/dev/sbalo.bg/app/Http/Controllers/StructureController.php:22
Stack trace:
#0 /home/simeon/dev/sbalo.bg/storage/framework/compiled.php(1738): Illuminate\Foundation\Bootstrap\HandleExceptions->fatalExceptionFromError(Array)
#1 [internal function]: Illuminate\Foundation\Bootstrap\HandleExceptions->handleShutdown()
#2 {main}  
[2015-03-16 21:55:18] local.ERROR: exception 'Symfony\Component\Debug\Exception\FatalErrorException' with message 'Class 'App\Http\Controllers\ModelNotFoundException' not found' in /home/simeon/dev/sbalo.bg/app/Http/Controllers/StructureController.php:22
Stack trace:
#0 /home/simeon/dev/sbalo.bg/storage/framework/compiled.php(1738): Illuminate\Foundation\Bootstrap\HandleExceptions->fatalExceptionFromError(Array)
#1 [internal function]: Illuminate\Foundation\Bootstrap\HandleExceptions->handleShutdown()
#2 {main}  
[2015-03-16 21:55:24] local.ERROR: exception 'Symfony\Component\Debug\Exception\FatalErrorException' with message 'Class 'App\Http\Controllers\Exception' not found' in /home/simeon/dev/sbalo.bg/app/Http/Controllers/StructureController.php:22
Stack trace:
#0 /home/simeon/dev/sbalo.bg/storage/framework/compiled.php(1738): Illuminate\Foundation\Bootstrap\HandleExceptions->fatalExceptionFromError(Array)
#1 [internal function]: Illuminate\Foundation\Bootstrap\HandleExceptions->handleShutdown()
#2 {main}  
[2015-03-16 21:56:03] local.ERROR: exception 'Symfony\Component\Debug\Exception\FatalErrorException' with message 'Class 'App\Http\Controllers\FlattenException' not found' in /home/simeon/dev/sbalo.bg/app/Http/Controllers/StructureController.php:22
Stack trace:
#0 /home/simeon/dev/sbalo.bg/storage/framework/compiled.php(1738): Illuminate\Foundation\Bootstrap\HandleExceptions->fatalExceptionFromError(Array)
#1 [internal function]: Illuminate\Foundation\Bootstrap\HandleExceptions->handleShutdown()
#2 {main}  
[2015-03-16 21:56:03] local.ERROR: exception 'Symfony\Component\Debug\Exception\FatalErrorException' with message 'Class 'App\Http\Controllers\FlattenException' not found' in /home/simeon/dev/sbalo.bg/app/Http/Controllers/StructureController.php:22
Stack trace:
#0 /home/simeon/dev/sbalo.bg/storage/framework/compiled.php(1738): Illuminate\Foundation\Bootstrap\HandleExceptions->fatalExceptionFromError(Array)
#1 [internal function]: Illuminate\Foundation\Bootstrap\HandleExceptions->handleShutdown()
#2 {main}  
[2015-03-16 21:56:03] local.ERROR: exception 'Symfony\Component\Debug\Exception\FatalErrorException' with message 'Class 'App\Http\Controllers\FlattenException' not found' in /home/simeon/dev/sbalo.bg/app/Http/Controllers/StructureController.php:22
Stack trace:
#0 /home/simeon/dev/sbalo.bg/storage/framework/compiled.php(1738): Illuminate\Foundation\Bootstrap\HandleExceptions->fatalExceptionFromError(Array)
#1 [internal function]: Illuminate\Foundation\Bootstrap\HandleExceptions->handleShutdown()
#2 {main}  
